<?xml version="1.0" encoding="UTF-8"?>
<testng-results skipped="0" failed="0" ignored="0" total="1" passed="1">
  <reporter-output>
  </reporter-output>
  <suite name="Default suite" duration-ms="10241" started-at="2018-09-18T07:31:07Z" finished-at="2018-09-18T07:31:17Z">
    <groups>
    </groups>
    <test name="Default test" duration-ms="10241" started-at="2018-09-18T07:31:07Z" finished-at="2018-09-18T07:31:17Z">
      <class name="testcases.auth">
        <test-method status="PASS" signature="beforeTest()[pri:0, instance:testcases.auth@68c4039c]" name="beforeTest" is-config="true" duration-ms="7105" started-at="2018-09-18T07:31:07Z" finished-at="2018-09-18T07:31:14Z">
          <reporter-output>
          </reporter-output>
        </test-method> <!-- beforeTest -->
        <test-method status="PASS" signature="erp_01()[pri:0, instance:testcases.auth@68c4039c]" name="erp_01" duration-ms="3044" started-at="2018-09-18T07:31:14Z" finished-at="2018-09-18T07:31:17Z">
          <reporter-output>
          </reporter-output>
        </test-method> <!-- erp_01 -->
      </class> <!-- testcases.auth -->
    </test> <!-- Default test -->
  </suite> <!-- Default suite -->
</testng-results>
